<?xml version="1.0" encoding="UTF-8"?>
<testng-results skipped="0" failed="0" ignored="0" total="3" passed="3">
  <reporter-output>
  </reporter-output>
  <suite name="My test suite" duration-ms="84825" started-at="2020-04-10T06:16:15Z" finished-at="2020-04-10T06:17:40Z">
    <groups>
      <group name="GroupLogout">
        <method signature="TestLogin.testLogin(java.lang.String, java.lang.String)[pri:0, instance:com.globant.web.tests.TestLogin@1f28c152]" name="testLogin" class="com.globant.web.tests.TestLogin"/>
      </group> <!-- GroupLogout -->
    </groups>
    <test name="Espn Test Create Count" duration-ms="27396" started-at="2020-04-10T06:16:15Z" finished-at="2020-04-10T06:16:42Z">
      <class name="com.globant.web.tests.TestCreateCount">
        <test-method status="PASS" signature="BeforeTest(java.lang.String, java.lang.String)[pri:0, instance:com.globant.web.tests.TestCreateCount@66480dd7]" name="BeforeTest" is-config="true" duration-ms="13844" started-at="2020-04-10T06:16:15Z" finished-at="2020-04-10T06:16:29Z">
          <params>
            <param index="0">
              <value>
                <![CDATA[chrome]]>
              </value>
            </param>
            <param index="1">
              <value>
                <![CDATA[https://www.espn.com/?src=com]]>
              </value>
            </param>
          </params>
          <reporter-output>
          </reporter-output>
        </test-method> <!-- BeforeTest -->
        <test-method status="PASS" signature="createCount(java.lang.String, java.lang.String, java.lang.String, java.lang.String)[pri:0, instance:com.globant.web.tests.TestCreateCount@66480dd7]" name="createCount" duration-ms="12357" started-at="2020-04-10T06:16:29Z" description="Data Provider New Count" data-provider="newcount" finished-at="2020-04-10T06:16:41Z">
          <params>
            <param index="0">
              <value>
                <![CDATA[Ana]]>
              </value>
            </param>
            <param index="1">
              <value>
                <![CDATA[Ruiz]]>
              </value>
            </param>
            <param index="2">
              <value>
                <![CDATA[mail424@prueba.com]]>
              </value>
            </param>
            <param index="3">
              <value>
                <![CDATA[prueba1234]]>
              </value>
            </param>
          </params>
          <reporter-output>
          </reporter-output>
        </test-method> <!-- createCount -->
        <test-method status="PASS" signature="afterClass()[pri:0, instance:com.globant.web.tests.TestCreateCount@66480dd7]" name="afterClass" is-config="true" duration-ms="1" started-at="2020-04-10T06:16:41Z" finished-at="2020-04-10T06:16:41Z">
          <reporter-output>
          </reporter-output>
        </test-method> <!-- afterClass -->
        <test-method status="PASS" signature="afterTest()[pri:0, instance:com.globant.web.tests.TestCreateCount@66480dd7]" name="afterTest" is-config="true" duration-ms="1161" started-at="2020-04-10T06:16:41Z" finished-at="2020-04-10T06:16:42Z">
          <reporter-output>
          </reporter-output>
        </test-method> <!-- afterTest -->
      </class> <!-- com.globant.web.tests.TestCreateCount -->
    </test> <!-- Espn Test Create Count -->
    <test name="Espn Test LogIn" duration-ms="22899" started-at="2020-04-10T06:16:42Z" finished-at="2020-04-10T06:17:05Z">
      <class name="com.globant.web.tests.TestLogin">
        <test-method status="PASS" signature="BeforeTest(java.lang.String, java.lang.String)[pri:0, instance:com.globant.web.tests.TestLogin@1f28c152]" name="BeforeTest" is-config="true" duration-ms="12798" started-at="2020-04-10T06:16:42Z" finished-at="2020-04-10T06:16:55Z">
          <params>
            <param index="0">
              <value>
                <![CDATA[chrome]]>
              </value>
            </param>
            <param index="1">
              <value>
                <![CDATA[https://www.espn.com/?src=com]]>
              </value>
            </param>
          </params>
          <reporter-output>
          </reporter-output>
        </test-method> <!-- BeforeTest -->
        <test-method status="PASS" signature="testLogin(java.lang.String, java.lang.String)[pri:0, instance:com.globant.web.tests.TestLogin@1f28c152]" name="testLogin" duration-ms="8713" started-at="2020-04-10T06:16:55Z" description="Data Provider Login" data-provider="count" finished-at="2020-04-10T06:17:04Z">
          <params>
            <param index="0">
              <value>
                <![CDATA[prueba001r@test.com]]>
              </value>
            </param>
            <param index="1">
              <value>
                <![CDATA[prueba1234]]>
              </value>
            </param>
          </params>
          <reporter-output>
          </reporter-output>
        </test-method> <!-- testLogin -->
        <test-method status="PASS" signature="afterClass()[pri:0, instance:com.globant.web.tests.TestLogin@1f28c152]" name="afterClass" is-config="true" duration-ms="1" started-at="2020-04-10T06:17:04Z" finished-at="2020-04-10T06:17:04Z">
          <reporter-output>
          </reporter-output>
        </test-method> <!-- afterClass -->
        <test-method status="PASS" signature="afterTest()[pri:0, instance:com.globant.web.tests.TestLogin@1f28c152]" name="afterTest" is-config="true" duration-ms="1385" started-at="2020-04-10T06:17:04Z" finished-at="2020-04-10T06:17:05Z">
          <reporter-output>
          </reporter-output>
        </test-method> <!-- afterTest -->
      </class> <!-- com.globant.web.tests.TestLogin -->
    </test> <!-- Espn Test LogIn -->
    <test name="Espn Test Cancel Count" duration-ms="34498" started-at="2020-04-10T06:17:05Z" finished-at="2020-04-10T06:17:40Z">
      <class name="com.globant.web.tests.TestCancelCount">
        <test-method status="PASS" signature="BeforeTest(java.lang.String, java.lang.String)[pri:0, instance:com.globant.web.tests.TestCancelCount@65e2dbf3]" name="BeforeTest" is-config="true" duration-ms="12226" started-at="2020-04-10T06:17:05Z" finished-at="2020-04-10T06:17:18Z">
          <params>
            <param index="0">
              <value>
                <![CDATA[chrome]]>
              </value>
            </param>
            <param index="1">
              <value>
                <![CDATA[https://www.espn.com/?src=com]]>
              </value>
            </param>
          </params>
          <reporter-output>
          </reporter-output>
        </test-method> <!-- BeforeTest -->
        <test-method status="PASS" signature="testCancelCount(java.lang.String, java.lang.String)[pri:0, instance:com.globant.web.tests.TestCancelCount@65e2dbf3]" name="testCancelCount" duration-ms="21258" started-at="2020-04-10T06:17:18Z" description="Data Provider Login" data-provider="deletecount" finished-at="2020-04-10T06:17:39Z">
          <params>
            <param index="0">
              <value>
                <![CDATA[prueba001r@test.com]]>
              </value>
            </param>
            <param index="1">
              <value>
                <![CDATA[prueba1234]]>
              </value>
            </param>
          </params>
          <reporter-output>
          </reporter-output>
        </test-method> <!-- testCancelCount -->
        <test-method status="PASS" signature="afterClass()[pri:0, instance:com.globant.web.tests.TestCancelCount@65e2dbf3]" name="afterClass" is-config="true" duration-ms="1" started-at="2020-04-10T06:17:39Z" finished-at="2020-04-10T06:17:39Z">
          <reporter-output>
          </reporter-output>
        </test-method> <!-- afterClass -->
        <test-method status="PASS" signature="afterTest()[pri:0, instance:com.globant.web.tests.TestCancelCount@65e2dbf3]" name="afterTest" is-config="true" duration-ms="1011" started-at="2020-04-10T06:17:39Z" finished-at="2020-04-10T06:17:40Z">
          <reporter-output>
          </reporter-output>
        </test-method> <!-- afterTest -->
      </class> <!-- com.globant.web.tests.TestCancelCount -->
    </test> <!-- Espn Test Cancel Count -->
  </suite> <!-- My test suite -->
</testng-results>
