<?xml version="1.0" encoding="UTF-8"?>
<!-- Generated by org.testng.reporters.JUnitXMLReporter -->
<testsuite hostname="CO-IT00385" ignored="1" name="example run" tests="2" failures="0" timestamp="29 Mar 2020 23:25:11 GMT" time="0.035" errors="0">
  <testcase name="crearCuenta" time="0.008" classname="com.academy.web.tests.Taller1"/>
  <testcase name="iniciarSesion" time="0.004" classname="com.academy.web.tests.Taller1"/>
  <testcase name="cancelarCuenta" time="0.0" classname="com.academy.web.tests.Taller1">
    <ignored/>
  </testcase> <!-- cancelarCuenta -->
</testsuite> <!-- example run -->
