<?xml version="1.0" encoding="UTF-8"?>
<testng-results skipped="0" failed="0" ignored="0" total="1" passed="1">
  <reporter-output>
  </reporter-output>
  <suite name="Surefire suite" duration-ms="61" started-at="2020-03-27T22:11:10Z" finished-at="2020-03-27T22:11:10Z">
    <groups>
    </groups>
    <test name="Surefire test" duration-ms="61" started-at="2020-03-27T22:11:10Z" finished-at="2020-03-27T22:11:10Z">
      <class name="com.academy.AppTest">
        <test-method status="PASS" signature="shouldAnswerWithTrue()" name="shouldAnswerWithTrue" duration-ms="7" started-at="2020-03-27T22:11:10Z" finished-at="2020-03-27T22:11:10Z">
          <reporter-output>
          </reporter-output>
        </test-method> <!-- shouldAnswerWithTrue -->
      </class> <!-- com.academy.AppTest -->
    </test> <!-- Surefire test -->
  </suite> <!-- Surefire suite -->
</testng-results>
